0 info it worked if it ends with ok
1 verbose cli [ '/usr/bin/nodejs', '/usr/local/bin/npm', 'run', 'build' ]
2 info using npm@3.10.5
3 info using node@v4.4.7
4 verbose run-script [ 'prebuild', 'build', 'postbuild' ]
5 info lifecycle thewall@1.0.0~prebuild: thewall@1.0.0
6 silly lifecycle thewall@1.0.0~prebuild: no script for prebuild, continuing
7 info lifecycle thewall@1.0.0~build: thewall@1.0.0
8 verbose lifecycle thewall@1.0.0~build: unsafe-perm in lifecycle true
9 verbose lifecycle thewall@1.0.0~build: PATH: /usr/local/lib/node_modules/npm/bin/node-gyp-bin:/var/www/html/thewall/node_modules/.bin:/usr/bin:/usr/local/sbin:/usr/local/bin:/usr/sbin:/usr/bin:/sbin:/bin:/usr/games:/usr/local/games
10 verbose lifecycle thewall@1.0.0~build: CWD: /var/www/html/thewall
11 silly lifecycle thewall@1.0.0~build: Args: [ '-c', 'babel models/ -d build -s' ]
12 silly lifecycle thewall@1.0.0~build: Returned: code: 2  signal: null
13 info lifecycle thewall@1.0.0~build: Failed to exec build script
14 verbose stack Error: thewall@1.0.0 build: `babel models/ -d build -s`
14 verbose stack Exit status 2
14 verbose stack     at EventEmitter.<anonymous> (/usr/local/lib/node_modules/npm/lib/utils/lifecycle.js:242:16)
14 verbose stack     at emitTwo (events.js:87:13)
14 verbose stack     at EventEmitter.emit (events.js:172:7)
14 verbose stack     at ChildProcess.<anonymous> (/usr/local/lib/node_modules/npm/lib/utils/spawn.js:40:14)
14 verbose stack     at emitTwo (events.js:87:13)
14 verbose stack     at ChildProcess.emit (events.js:172:7)
14 verbose stack     at maybeClose (internal/child_process.js:827:16)
14 verbose stack     at Process.ChildProcess._handle.onexit (internal/child_process.js:211:5)
15 verbose pkgid thewall@1.0.0
16 verbose cwd /var/www/html/thewall/app
17 error Linux 3.19.0-59-generic
18 error argv "/usr/bin/nodejs" "/usr/local/bin/npm" "run" "build"
19 error node v4.4.7
20 error npm  v3.10.5
21 error code ELIFECYCLE
22 error thewall@1.0.0 build: `babel models/ -d build -s`
22 error Exit status 2
23 error Failed at the thewall@1.0.0 build script 'babel models/ -d build -s'.
23 error Make sure you have the latest version of node.js and npm installed.
23 error If you do, this is most likely a problem with the thewall package,
23 error not with npm itself.
23 error Tell the author that this fails on your system:
23 error     babel models/ -d build -s
23 error You can get information on how to open an issue for this project with:
23 error     npm bugs thewall
23 error Or if that isn't available, you can get their info via:
23 error     npm owner ls thewall
23 error There is likely additional logging output above.
24 verbose exit [ 1, true ]
